<?xml version="1.0" encoding="UTF-8"?>
<testng-results ignored="0" total="1" passed="1" failed="0" skipped="0">
  <reporter-output>
  </reporter-output>
  <suite started-at="2022-07-24T01:39:59 AST" name="Default suite" finished-at="2022-07-24T01:40:07 AST" duration-ms="7668">
    <groups>
    </groups>
    <test started-at="2022-07-24T01:39:59 AST" name="Default test" finished-at="2022-07-24T01:40:07 AST" duration-ms="7668">
      <class name="Ass3WebElement.chromWebDriver">
        <test-method signature="chrom()[pri:0, instance:Ass3WebElement.chromWebDriver@fdefd3f]" started-at="2022-07-24T01:39:59 AST" name="chrom" finished-at="2022-07-24T01:40:07 AST" duration-ms="7640" status="PASS">
          <reporter-output>
          </reporter-output>
        </test-method> <!-- chrom -->
      </class> <!-- Ass3WebElement.chromWebDriver -->
    </test> <!-- Default test -->
  </suite> <!-- Default suite -->
</testng-results>
